INFO:sim:172 - Generating IP...
Applying current project options...
Finished applying current project options.
WARNING:sim - A core named 'procount_im_block' already exists in the project.
   Output products for this core may be overwritten.
Resolving generics for 'procount_im_block'...
WARNING:sim - A core named 'procount_im_block' already exists in the project.
   Output products for this core may be overwritten.
Applying external generics to 'procount_im_block'...
Delivering associated files for 'procount_im_block'...
Delivering EJava files for 'procount_im_block'...
Generating implementation netlist for 'procount_im_block'...
INFO:sim - Pre-processing HDL files for 'procount_im_block'...
Running synthesis for 'procount_im_block'
Running ngcbuild...
Writing VEO instantiation template for 'procount_im_block'...
Writing Verilog behavioral simulation model for 'procount_im_block'...
WARNING:sim - Overwriting existing file
   E:/Nishi_3rdsem/LAB/ipcore_dir/tmp/_cg/procount_im_block/doc/blk_mem_gen_v7_3
   _vinfo.html with file from view xilinx_documentation
Delivered 1 file into directory
E:/Nishi_3rdsem/LAB/ipcore_dir/tmp/_cg/procount_im_block
Generating ASY schematic symbol...
INFO:sim:949 - Finished generation of ASY schematic symbol.
Generating SYM schematic symbol for 'procount_im_block'...
Generating metadata file...
Regenerating ISE project file for 'procount_im_block'...
Generating ISE project...
XCO file found: procount_im_block.xco
XMDF file found: procount_im_block_xmdf.tcl
Adding E:/Nishi_3rdsem/LAB/ipcore_dir/tmp/_cg/procount_im_block.asy -view all
-origin_type imported
Adding E:/Nishi_3rdsem/LAB/ipcore_dir/tmp/_cg/procount_im_block.ngc -view all
-origin_type created
Checking file "E:/Nishi_3rdsem/LAB/ipcore_dir/tmp/_cg/procount_im_block.ngc" for
project device match ...
File "E:/Nishi_3rdsem/LAB/ipcore_dir/tmp/_cg/procount_im_block.ngc" device
information matches project device.
Adding E:/Nishi_3rdsem/LAB/ipcore_dir/tmp/_cg/procount_im_block.sym -view all
-origin_type imported
Adding E:/Nishi_3rdsem/LAB/ipcore_dir/tmp/_cg/procount_im_block.v -view all
-origin_type created
INFO:HDLCompiler:1845 - Analyzing Verilog file
   "E:/Nishi_3rdsem/LAB/ipcore_dir/tmp/_cg/procount_im_block.v" into library
   work
INFO:ProjectMgmt - Parsing design hierarchy completed successfully.
Adding E:/Nishi_3rdsem/LAB/ipcore_dir/tmp/_cg/procount_im_block.veo -view all
-origin_type imported
INFO:TclTasksC:2116 - The automatic calculation of top has been turned-off.
   Please set the new top explicitly by running the "project set top" command.
   To re-calculate the new top automatically, set the "Auto Implementation Top"
   property to true.
Top level has been set to "/procount_im_block"
Generating README file...
Generating FLIST file...
INFO:sim:948 - Finished FLIST file generation.
Launching README viewer...
Moving files to output directory...
Finished moving files to output directory
Wrote CGP file for project 'procount_im_block'.
