Release 14.7 - xst P.20131013 (nt64)
Copyright (c) 1995-2013 Xilinx, Inc.  All rights reserved.
--> Parameter TMPDIR set to xst/projnav.tmp


Total REAL time to Xst completion: 0.00 secs
Total CPU time to Xst completion: 0.13 secs
 
--> Parameter xsthdpdir set to xst


Total REAL time to Xst completion: 0.00 secs
Total CPU time to Xst completion: 0.13 secs
 
--> Reading design: JumpControl_Block.prj

TABLE OF CONTENTS
  1) Synthesis Options Summary
  2) HDL Compilation
  3) Design Hierarchy Analysis
  4) HDL Analysis
  5) HDL Synthesis
     5.1) HDL Synthesis Report
  6) Advanced HDL Synthesis
     6.1) Advanced HDL Synthesis Report
  7) Low Level Synthesis
  8) Partition Report
  9) Final Report
	9.1) Device utilization summary
	9.2) Partition Resource Summary
	9.3) TIMING REPORT


=========================================================================
*                      Synthesis Options Summary                        *
=========================================================================
---- Source Parameters
Input File Name                    : "JumpControl_Block.prj"
Input Format                       : mixed
Ignore Synthesis Constraint File   : NO

---- Target Parameters
Output File Name                   : "JumpControl_Block"
Output Format                      : NGC
Target Device                      : xc3s500e-5-fg320

---- Source Options
Top Module Name                    : JumpControl_Block
Automatic FSM Extraction           : YES
FSM Encoding Algorithm             : Auto
Safe Implementation                : No
FSM Style                          : LUT
RAM Extraction                     : Yes
RAM Style                          : Auto
ROM Extraction                     : Yes
Mux Style                          : Auto
Decoder Extraction                 : YES
Priority Encoder Extraction        : Yes
Shift Register Extraction          : YES
Logical Shifter Extraction         : YES
XOR Collapsing                     : YES
ROM Style                          : Auto
Mux Extraction                     : Yes
Resource Sharing                   : YES
Asynchronous To Synchronous        : NO
Multiplier Style                   : Auto
Automatic Register Balancing       : No

---- Target Options
Add IO Buffers                     : YES
Global Maximum Fanout              : 100000
Add Generic Clock Buffer(BUFG)     : 24
Register Duplication               : YES
Slice Packing                      : YES
Optimize Instantiated Primitives   : NO
Use Clock Enable                   : Yes
Use Synchronous Set                : Yes
Use Synchronous Reset              : Yes
Pack IO Registers into IOBs        : Auto
Equivalent register Removal        : YES

---- General Options
Optimization Goal                  : Speed
Optimization Effort                : 1
Keep Hierarchy                     : No
Netlist Hierarchy                  : As_Optimized
RTL Output                         : Yes
Global Optimization                : AllClockNets
Read Cores                         : YES
Write Timing Constraints           : NO
Cross Clock Analysis               : NO
Hierarchy Separator                : /
Bus Delimiter                      : <>
Case Specifier                     : Maintain
Slice Utilization Ratio            : 100
BRAM Utilization Ratio             : 100
Verilog 2001                       : YES
Auto BRAM Packing                  : NO
Slice Utilization Ratio Delta      : 5

---- Other Options
Cores Search Directories           : {"ipcore_dir"  }

=========================================================================


=========================================================================
*                          HDL Compilation                              *
=========================================================================
Compiling verilog file "JumpControl_Block.v" in library work
Module <JumpControl_Block> compiled
No errors in compilation
Analysis of file <"JumpControl_Block.prj"> succeeded.
 

=========================================================================
*                     Design Hierarchy Analysis                         *
=========================================================================
Analyzing hierarchy for module <JumpControl_Block> in library <work>.


=========================================================================
*                            HDL Analysis                               *
=========================================================================
Analyzing top module <JumpControl_Block>.
Module <JumpControl_Block> is correct for synthesis.
 

=========================================================================
*                           HDL Synthesis                               *
=========================================================================

Performing bidirectional port resolution...

Synthesizing Unit <JumpControl_Block>.
    Related source file is "JumpControl_Block.v".
WARNING:Xst:647 - Input <ins<14:8>> is never used. This port will be preserved and left unconnected if it belongs to a top-level block or it belongs to a sub-block and the hierarchy of this sub-block is preserved.
WARNING:Xst:646 - Signal <mux4<3:2>> is assigned but never used. This unconnected signal will be trimmed during the optimization process.
    Found 1-bit register for signal <out_reg1>.
    Found 8-bit register for signal <out_reg2>.
    Found 4-bit register for signal <out_reg3>.
    Summary:
	inferred  13 D-type flip-flop(s).
Unit <JumpControl_Block> synthesized.


=========================================================================
HDL Synthesis Report

Macro Statistics
# Registers                                            : 3
 1-bit register                                        : 1
 4-bit register                                        : 1
 8-bit register                                        : 1

=========================================================================

=========================================================================
*                       Advanced HDL Synthesis                          *
=========================================================================

WARNING:Xst:2677 - Node <out_reg3_2> of sequential type is unconnected in block <JumpControl_Block>.
WARNING:Xst:2677 - Node <out_reg3_3> of sequential type is unconnected in block <JumpControl_Block>.
WARNING:Xst:2677 - Node <out_reg3_2> of sequential type is unconnected in block <JumpControl_Block>.
WARNING:Xst:2677 - Node <out_reg3_3> of sequential type is unconnected in block <JumpControl_Block>.

=========================================================================
Advanced HDL Synthesis Report

Macro Statistics
# Registers                                            : 11
 Flip-Flops                                            : 11

=========================================================================

=========================================================================
*                         Low Level Synthesis                           *
=========================================================================

Optimizing unit <JumpControl_Block> ...

Mapping all equations...
Building and optimizing final netlist ...
Found area constraint ratio of 100 (+ 5) on block JumpControl_Block, actual ratio is 0.

Final Macro Processing ...

=========================================================================
Final Register Report

Macro Statistics
# Registers                                            : 11
 Flip-Flops                                            : 11

=========================================================================

=========================================================================
*                           Partition Report                            *
=========================================================================

Partition Implementation Status
-------------------------------

  No Partitions were found in this design.

-------------------------------

=========================================================================
*                            Final Report                               *
=========================================================================
Final Results
RTL Top Level Output File Name     : JumpControl_Block.ngr
Top Level Output File Name         : JumpControl_Block
Output Format                      : NGC
Optimization Goal                  : Speed
Keep Hierarchy                     : No

Design Statistics
# IOs                              : 44

Cell Usage :
# BELS                             : 20
#      GND                         : 1
#      INV                         : 1
#      LUT3                        : 2
#      LUT4                        : 13
#      MUXF5                       : 3
# FlipFlops/Latches                : 11
#      FDR                         : 1
#      FDRE                        : 10
# Clock Buffers                    : 1
#      BUFGP                       : 1
# IO Buffers                       : 34
#      IBUF                        : 25
#      OBUF                        : 9
=========================================================================

Device utilization summary:
---------------------------

Selected Device : 3s500efg320-5 

 Number of Slices:                        9  out of   4656     0%  
 Number of Slice Flip Flops:              3  out of   9312     0%  
 Number of 4 input LUTs:                 16  out of   9312     0%  
 Number of IOs:                          44
 Number of bonded IOBs:                  35  out of    232    15%  
    IOB Flip Flops:                       8
 Number of GCLKs:                         1  out of     24     4%  

---------------------------
Partition Resource Summary:
---------------------------

  No Partitions were found in this design.

---------------------------


=========================================================================
TIMING REPORT

NOTE: THESE TIMING NUMBERS ARE ONLY A SYNTHESIS ESTIMATE.
      FOR ACCURATE TIMING INFORMATION PLEASE REFER TO THE TRACE REPORT
      GENERATED AFTER PLACE-and-ROUTE.

Clock Information:
------------------
-----------------------------------+------------------------+-------+
Clock Signal                       | Clock buffer(FF name)  | Load  |
-----------------------------------+------------------------+-------+
clk                                | BUFGP                  | 11    |
-----------------------------------+------------------------+-------+

Asynchronous Control Signals Information:
----------------------------------------
No asynchronous control signals found in this design

Timing Summary:
---------------
Speed Grade: -5

   Minimum period: No path found
   Minimum input arrival time before clock: 3.663ns
   Maximum output required time after clock: 7.261ns
   Maximum combinational path delay: 9.805ns

Timing Detail:
--------------
All values displayed in nanoseconds (ns)

=========================================================================
Timing constraint: Default OFFSET IN BEFORE for Clock 'clk'
  Total number of paths / destination ports: 32 / 32
-------------------------------------------------------------------------
Offset:              3.663ns (Levels of Logic = 2)
  Source:            reset (PAD)
  Destination:       out_reg1 (FF)
  Destination Clock: clk rising

  Data Path: reset to out_reg1
                                Gate     Net
    Cell:in->out      fanout   Delay   Delay  Logical Name (Net Name)
    ----------------------------------------  ------------
     IBUF:I->O             1   1.106   0.357  reset_IBUF (reset_IBUF)
     INV:I->O             11   0.612   0.793  reset_inv1_INV_0 (reset_inv)
     FDR:R                     0.795          out_reg1
    ----------------------------------------
    Total                      3.663ns (2.513ns logic, 1.150ns route)
                                       (68.6% logic, 31.4% route)

=========================================================================
Timing constraint: Default OFFSET OUT AFTER for Clock 'clk'
  Total number of paths / destination ports: 19 / 9
-------------------------------------------------------------------------
Offset:              7.261ns (Levels of Logic = 5)
  Source:            out_reg3_0 (FF)
  Destination:       pc_mux_sel (PAD)
  Source Clock:      clk rising

  Data Path: out_reg3_0 to pc_mux_sel
                                Gate     Net
    Cell:in->out      fanout   Delay   Delay  Logical Name (Net Name)
    ----------------------------------------  ------------
     FDRE:C->Q             1   0.514   0.360  out_reg3_0 (out_reg3_0)
     LUT4:I3->O            1   0.612   0.000  pc_mux_sel64_SW0_F (N15)
     MUXF5:I0->O           1   0.278   0.360  pc_mux_sel64_SW0 (N11)
     LUT4:I3->O            1   0.612   0.387  pc_mux_sel64 (pc_mux_sel64)
     LUT3:I2->O            1   0.612   0.357  pc_mux_sel91 (pc_mux_sel_OBUF)
     OBUF:I->O                 3.169          pc_mux_sel_OBUF (pc_mux_sel)
    ----------------------------------------
    Total                      7.261ns (5.797ns logic, 1.464ns route)
                                       (79.8% logic, 20.2% route)

=========================================================================
Timing constraint: Default path analysis
  Total number of paths / destination ports: 74 / 9
-------------------------------------------------------------------------
Delay:               9.805ns (Levels of Logic = 8)
  Source:            ins<18> (PAD)
  Destination:       pc_mux_sel (PAD)

  Data Path: ins<18> to pc_mux_sel
                                Gate     Net
    Cell:in->out      fanout   Delay   Delay  Logical Name (Net Name)
    ----------------------------------------  ------------
     IBUF:I->O             3   1.106   0.603  ins_18_IBUF (ins_18_IBUF)
     LUT4:I0->O            1   0.612   0.000  RET1 (RET1)
     MUXF5:I1->O          10   0.278   0.819  RET_f5 (RET)
     LUT4:I1->O            1   0.612   0.000  pc_mux_sel64_SW0_F (N15)
     MUXF5:I0->O           1   0.278   0.360  pc_mux_sel64_SW0 (N11)
     LUT4:I3->O            1   0.612   0.387  pc_mux_sel64 (pc_mux_sel64)
     LUT3:I2->O            1   0.612   0.357  pc_mux_sel91 (pc_mux_sel_OBUF)
     OBUF:I->O                 3.169          pc_mux_sel_OBUF (pc_mux_sel)
    ----------------------------------------
    Total                      9.805ns (7.279ns logic, 2.526ns route)
                                       (74.2% logic, 25.8% route)

=========================================================================


Total REAL time to Xst completion: 8.00 secs
Total CPU time to Xst completion: 8.34 secs
 
--> 

Total memory usage is 289580 kilobytes

Number of errors   :    0 (   0 filtered)
Number of warnings :    6 (   0 filtered)
Number of infos    :    0 (   0 filtered)

