Release 14.7 Map P.20131013 (nt64)
Xilinx Mapping Report File for Design 'main_module'

Design Information
------------------
Command Line   : map -intstyle ise -p xc3s500e-fg320-5 -cm area -ir off -pr off
-c 100 -o main_module_map.ncd main_module.ngd main_module.pcf 
Target Device  : xc3s500e
Target Package : fg320
Target Speed   : -5
Mapper Version : spartan3e -- $Revision: 1.55 $
Mapped Date    : Fri Oct 28 15:45:10 2016

Design Summary
--------------
Number of errors:      0
Number of warnings:   78
Logic Utilization:
  Number of Slice Flip Flops:           151 out of   9,312    1%
  Number of 4 input LUTs:               598 out of   9,312    6%
Logic Distribution:
  Number of occupied Slices:            330 out of   4,656    7%
    Number of Slices containing only related logic:     330 out of     330 100%
    Number of Slices containing unrelated logic:          0 out of     330   0%
      *See NOTES below for an explanation of the effects of unrelated logic.
  Total Number of 4 input LUTs:         598 out of   9,312    6%
    Number used as logic:               534
    Number used for Dual Port RAMs:      64
      (Two LUTs used per Dual Port RAM)

  The Slice Logic Distribution report is not meaningful if the design is
  over-mapped for a non-slice resource or if Placement fails.

  Number of bonded IOBs:                 87 out of     232   37%
  Number of RAMB16s:                      2 out of      20   10%
  Number of BUFGMUXs:                     1 out of      24    4%

Average Fanout of Non-Clock Nets:                4.12

Peak Memory Usage:  314 MB
Total REAL time to MAP completion:  2 secs 
Total CPU time to MAP completion:   2 secs 

NOTES:

   Related logic is defined as being logic that shares connectivity - e.g. two
   LUTs are "related" if they share common inputs.  When assembling slices,
   Map gives priority to combine logic that is related.  Doing so results in
   the best timing performance.

   Unrelated logic shares no connectivity.  Map will only begin packing
   unrelated logic into a slice once 99% of the slices are occupied through
   related logic packing.

   Note that once logic distribution reaches the 99% level through related
   logic packing, this does not mean the device is completely utilized.
   Unrelated logic packing will then begin, continuing until all usable LUTs
   and FFs are occupied.  Depending on your timing budget, increased levels of
   unrelated logic packing may adversely affect the overall timing performance
   of your design.

Table of Contents
-----------------
Section 1 - Errors
Section 2 - Warnings
Section 3 - Informational
Section 4 - Removed Logic Summary
Section 5 - Removed Logic
Section 6 - IOB Properties
Section 7 - RPMs
Section 8 - Guide Report
Section 9 - Area Group and Partition Summary
Section 10 - Timing Report
Section 11 - Configuration String Information
Section 12 - Control Set Information
Section 13 - Utilization by Hierarchy

Section 1 - Errors
------------------

Section 2 - Warnings
--------------------
WARNING:PhysDesignRules:812 - Dangling pin <DOB3> on
   block:<pi/progcount_im_block/U0/xst_blk_mem_generator/gnativebmg.native_blk_m
   em_gen/valid.cstr/ramloop[0].ram.r/s3_init.ram/spram.ram.B>:<RAMB16_RAMB16B>.
WARNING:PhysDesignRules:812 - Dangling pin <DOB4> on
   block:<pi/progcount_im_block/U0/xst_blk_mem_generator/gnativebmg.native_blk_m
   em_gen/valid.cstr/ramloop[0].ram.r/s3_init.ram/spram.ram.B>:<RAMB16_RAMB16B>.
WARNING:PhysDesignRules:812 - Dangling pin <DOB5> on
   block:<pi/progcount_im_block/U0/xst_blk_mem_generator/gnativebmg.native_blk_m
   em_gen/valid.cstr/ramloop[0].ram.r/s3_init.ram/spram.ram.B>:<RAMB16_RAMB16B>.
WARNING:PhysDesignRules:812 - Dangling pin <DOB6> on
   block:<pi/progcount_im_block/U0/xst_blk_mem_generator/gnativebmg.native_blk_m
   em_gen/valid.cstr/ramloop[0].ram.r/s3_init.ram/spram.ram.B>:<RAMB16_RAMB16B>.
WARNING:PhysDesignRules:812 - Dangling pin <DOB7> on
   block:<pi/progcount_im_block/U0/xst_blk_mem_generator/gnativebmg.native_blk_m
   em_gen/valid.cstr/ramloop[0].ram.r/s3_init.ram/spram.ram.B>:<RAMB16_RAMB16B>.
WARNING:PhysDesignRules:812 - Dangling pin <DOB10> on
   block:<pi/progcount_im_block/U0/xst_blk_mem_generator/gnativebmg.native_blk_m
   em_gen/valid.cstr/ramloop[0].ram.r/s3_init.ram/spram.ram.B>:<RAMB16_RAMB16B>.
WARNING:PhysDesignRules:812 - Dangling pin <DOB11> on
   block:<pi/progcount_im_block/U0/xst_blk_mem_generator/gnativebmg.native_blk_m
   em_gen/valid.cstr/ramloop[0].ram.r/s3_init.ram/spram.ram.B>:<RAMB16_RAMB16B>.
WARNING:PhysDesignRules:812 - Dangling pin <DOB12> on
   block:<pi/progcount_im_block/U0/xst_blk_mem_generator/gnativebmg.native_blk_m
   em_gen/valid.cstr/ramloop[0].ram.r/s3_init.ram/spram.ram.B>:<RAMB16_RAMB16B>.
WARNING:PhysDesignRules:812 - Dangling pin <DOB13> on
   block:<pi/progcount_im_block/U0/xst_blk_mem_generator/gnativebmg.native_blk_m
   em_gen/valid.cstr/ramloop[0].ram.r/s3_init.ram/spram.ram.B>:<RAMB16_RAMB16B>.
WARNING:PhysDesignRules:812 - Dangling pin <DOB14> on
   block:<pi/progcount_im_block/U0/xst_blk_mem_generator/gnativebmg.native_blk_m
   em_gen/valid.cstr/ramloop[0].ram.r/s3_init.ram/spram.ram.B>:<RAMB16_RAMB16B>.
WARNING:PhysDesignRules:812 - Dangling pin <DOB15> on
   block:<pi/progcount_im_block/U0/xst_blk_mem_generator/gnativebmg.native_blk_m
   em_gen/valid.cstr/ramloop[0].ram.r/s3_init.ram/spram.ram.B>:<RAMB16_RAMB16B>.
WARNING:PhysDesignRules:812 - Dangling pin <DOB19> on
   block:<pi/progcount_im_block/U0/xst_blk_mem_generator/gnativebmg.native_blk_m
   em_gen/valid.cstr/ramloop[0].ram.r/s3_init.ram/spram.ram.B>:<RAMB16_RAMB16B>.
WARNING:PhysDesignRules:812 - Dangling pin <DOB20> on
   block:<pi/progcount_im_block/U0/xst_blk_mem_generator/gnativebmg.native_blk_m
   em_gen/valid.cstr/ramloop[0].ram.r/s3_init.ram/spram.ram.B>:<RAMB16_RAMB16B>.
WARNING:PhysDesignRules:812 - Dangling pin <DOB21> on
   block:<pi/progcount_im_block/U0/xst_blk_mem_generator/gnativebmg.native_blk_m
   em_gen/valid.cstr/ramloop[0].ram.r/s3_init.ram/spram.ram.B>:<RAMB16_RAMB16B>.
WARNING:PhysDesignRules:812 - Dangling pin <DOB22> on
   block:<pi/progcount_im_block/U0/xst_blk_mem_generator/gnativebmg.native_blk_m
   em_gen/valid.cstr/ramloop[0].ram.r/s3_init.ram/spram.ram.B>:<RAMB16_RAMB16B>.
WARNING:PhysDesignRules:812 - Dangling pin <DOB23> on
   block:<pi/progcount_im_block/U0/xst_blk_mem_generator/gnativebmg.native_blk_m
   em_gen/valid.cstr/ramloop[0].ram.r/s3_init.ram/spram.ram.B>:<RAMB16_RAMB16B>.
WARNING:PhysDesignRules:812 - Dangling pin <DOB26> on
   block:<pi/progcount_im_block/U0/xst_blk_mem_generator/gnativebmg.native_blk_m
   em_gen/valid.cstr/ramloop[0].ram.r/s3_init.ram/spram.ram.B>:<RAMB16_RAMB16B>.
WARNING:PhysDesignRules:812 - Dangling pin <DOB27> on
   block:<pi/progcount_im_block/U0/xst_blk_mem_generator/gnativebmg.native_blk_m
   em_gen/valid.cstr/ramloop[0].ram.r/s3_init.ram/spram.ram.B>:<RAMB16_RAMB16B>.
WARNING:PhysDesignRules:812 - Dangling pin <DOB28> on
   block:<pi/progcount_im_block/U0/xst_blk_mem_generator/gnativebmg.native_blk_m
   em_gen/valid.cstr/ramloop[0].ram.r/s3_init.ram/spram.ram.B>:<RAMB16_RAMB16B>.
WARNING:PhysDesignRules:812 - Dangling pin <DOB29> on
   block:<pi/progcount_im_block/U0/xst_blk_mem_generator/gnativebmg.native_blk_m
   em_gen/valid.cstr/ramloop[0].ram.r/s3_init.ram/spram.ram.B>:<RAMB16_RAMB16B>.
WARNING:PhysDesignRules:812 - Dangling pin <DOB30> on
   block:<pi/progcount_im_block/U0/xst_blk_mem_generator/gnativebmg.native_blk_m
   em_gen/valid.cstr/ramloop[0].ram.r/s3_init.ram/spram.ram.B>:<RAMB16_RAMB16B>.
WARNING:PhysDesignRules:812 - Dangling pin <DOB31> on
   block:<pi/progcount_im_block/U0/xst_blk_mem_generator/gnativebmg.native_blk_m
   em_gen/valid.cstr/ramloop[0].ram.r/s3_init.ram/spram.ram.B>:<RAMB16_RAMB16B>.
WARNING:PhysDesignRules:812 - Dangling pin <DOA1> on
   block:<dm/Data_memory/U0/xst_blk_mem_generator/gnativebmg.native_blk_mem_gen/
   valid.cstr/ramloop[0].ram.r/s3_init.ram/spram.ram.A>:<RAMB16_RAMB16A>.
WARNING:PhysDesignRules:812 - Dangling pin <DOA2> on
   block:<dm/Data_memory/U0/xst_blk_mem_generator/gnativebmg.native_blk_mem_gen/
   valid.cstr/ramloop[0].ram.r/s3_init.ram/spram.ram.A>:<RAMB16_RAMB16A>.
WARNING:PhysDesignRules:812 - Dangling pin <DOA3> on
   block:<dm/Data_memory/U0/xst_blk_mem_generator/gnativebmg.native_blk_mem_gen/
   valid.cstr/ramloop[0].ram.r/s3_init.ram/spram.ram.A>:<RAMB16_RAMB16A>.
WARNING:PhysDesignRules:812 - Dangling pin <DOA4> on
   block:<dm/Data_memory/U0/xst_blk_mem_generator/gnativebmg.native_blk_mem_gen/
   valid.cstr/ramloop[0].ram.r/s3_init.ram/spram.ram.A>:<RAMB16_RAMB16A>.
WARNING:PhysDesignRules:812 - Dangling pin <DOA5> on
   block:<dm/Data_memory/U0/xst_blk_mem_generator/gnativebmg.native_blk_mem_gen/
   valid.cstr/ramloop[0].ram.r/s3_init.ram/spram.ram.A>:<RAMB16_RAMB16A>.
WARNING:PhysDesignRules:812 - Dangling pin <DOA6> on
   block:<dm/Data_memory/U0/xst_blk_mem_generator/gnativebmg.native_blk_mem_gen/
   valid.cstr/ramloop[0].ram.r/s3_init.ram/spram.ram.A>:<RAMB16_RAMB16A>.
WARNING:PhysDesignRules:812 - Dangling pin <DOA7> on
   block:<dm/Data_memory/U0/xst_blk_mem_generator/gnativebmg.native_blk_mem_gen/
   valid.cstr/ramloop[0].ram.r/s3_init.ram/spram.ram.A>:<RAMB16_RAMB16A>.
WARNING:PhysDesignRules:812 - Dangling pin <DOA9> on
   block:<dm/Data_memory/U0/xst_blk_mem_generator/gnativebmg.native_blk_mem_gen/
   valid.cstr/ramloop[0].ram.r/s3_init.ram/spram.ram.A>:<RAMB16_RAMB16A>.
WARNING:PhysDesignRules:812 - Dangling pin <DOA10> on
   block:<dm/Data_memory/U0/xst_blk_mem_generator/gnativebmg.native_blk_mem_gen/
   valid.cstr/ramloop[0].ram.r/s3_init.ram/spram.ram.A>:<RAMB16_RAMB16A>.
WARNING:PhysDesignRules:812 - Dangling pin <DOA11> on
   block:<dm/Data_memory/U0/xst_blk_mem_generator/gnativebmg.native_blk_mem_gen/
   valid.cstr/ramloop[0].ram.r/s3_init.ram/spram.ram.A>:<RAMB16_RAMB16A>.
WARNING:PhysDesignRules:812 - Dangling pin <DOA12> on
   block:<dm/Data_memory/U0/xst_blk_mem_generator/gnativebmg.native_blk_mem_gen/
   valid.cstr/ramloop[0].ram.r/s3_init.ram/spram.ram.A>:<RAMB16_RAMB16A>.
WARNING:PhysDesignRules:812 - Dangling pin <DOA13> on
   block:<dm/Data_memory/U0/xst_blk_mem_generator/gnativebmg.native_blk_mem_gen/
   valid.cstr/ramloop[0].ram.r/s3_init.ram/spram.ram.A>:<RAMB16_RAMB16A>.
WARNING:PhysDesignRules:812 - Dangling pin <DOA14> on
   block:<dm/Data_memory/U0/xst_blk_mem_generator/gnativebmg.native_blk_mem_gen/
   valid.cstr/ramloop[0].ram.r/s3_init.ram/spram.ram.A>:<RAMB16_RAMB16A>.
WARNING:PhysDesignRules:812 - Dangling pin <DOA15> on
   block:<dm/Data_memory/U0/xst_blk_mem_generator/gnativebmg.native_blk_mem_gen/
   valid.cstr/ramloop[0].ram.r/s3_init.ram/spram.ram.A>:<RAMB16_RAMB16A>.
WARNING:PhysDesignRules:812 - Dangling pin <DOA17> on
   block:<dm/Data_memory/U0/xst_blk_mem_generator/gnativebmg.native_blk_mem_gen/
   valid.cstr/ramloop[0].ram.r/s3_init.ram/spram.ram.A>:<RAMB16_RAMB16A>.
WARNING:PhysDesignRules:812 - Dangling pin <DOA18> on
   block:<dm/Data_memory/U0/xst_blk_mem_generator/gnativebmg.native_blk_mem_gen/
   valid.cstr/ramloop[0].ram.r/s3_init.ram/spram.ram.A>:<RAMB16_RAMB16A>.
WARNING:PhysDesignRules:812 - Dangling pin <DOA19> on
   block:<dm/Data_memory/U0/xst_blk_mem_generator/gnativebmg.native_blk_mem_gen/
   valid.cstr/ramloop[0].ram.r/s3_init.ram/spram.ram.A>:<RAMB16_RAMB16A>.
WARNING:PhysDesignRules:812 - Dangling pin <DOA20> on
   block:<dm/Data_memory/U0/xst_blk_mem_generator/gnativebmg.native_blk_mem_gen/
   valid.cstr/ramloop[0].ram.r/s3_init.ram/spram.ram.A>:<RAMB16_RAMB16A>.
WARNING:PhysDesignRules:812 - Dangling pin <DOA21> on
   block:<dm/Data_memory/U0/xst_blk_mem_generator/gnativebmg.native_blk_mem_gen/
   valid.cstr/ramloop[0].ram.r/s3_init.ram/spram.ram.A>:<RAMB16_RAMB16A>.
WARNING:PhysDesignRules:812 - Dangling pin <DOA22> on
   block:<dm/Data_memory/U0/xst_blk_mem_generator/gnativebmg.native_blk_mem_gen/
   valid.cstr/ramloop[0].ram.r/s3_init.ram/spram.ram.A>:<RAMB16_RAMB16A>.
WARNING:PhysDesignRules:812 - Dangling pin <DOA23> on
   block:<dm/Data_memory/U0/xst_blk_mem_generator/gnativebmg.native_blk_mem_gen/
   valid.cstr/ramloop[0].ram.r/s3_init.ram/spram.ram.A>:<RAMB16_RAMB16A>.
WARNING:PhysDesignRules:812 - Dangling pin <DOA25> on
   block:<dm/Data_memory/U0/xst_blk_mem_generator/gnativebmg.native_blk_mem_gen/
   valid.cstr/ramloop[0].ram.r/s3_init.ram/spram.ram.A>:<RAMB16_RAMB16A>.
WARNING:PhysDesignRules:812 - Dangling pin <DOA26> on
   block:<dm/Data_memory/U0/xst_blk_mem_generator/gnativebmg.native_blk_mem_gen/
   valid.cstr/ramloop[0].ram.r/s3_init.ram/spram.ram.A>:<RAMB16_RAMB16A>.
WARNING:PhysDesignRules:812 - Dangling pin <DOA27> on
   block:<dm/Data_memory/U0/xst_blk_mem_generator/gnativebmg.native_blk_mem_gen/
   valid.cstr/ramloop[0].ram.r/s3_init.ram/spram.ram.A>:<RAMB16_RAMB16A>.
WARNING:PhysDesignRules:812 - Dangling pin <DOA28> on
   block:<dm/Data_memory/U0/xst_blk_mem_generator/gnativebmg.native_blk_mem_gen/
   valid.cstr/ramloop[0].ram.r/s3_init.ram/spram.ram.A>:<RAMB16_RAMB16A>.
WARNING:PhysDesignRules:812 - Dangling pin <DOA29> on
   block:<dm/Data_memory/U0/xst_blk_mem_generator/gnativebmg.native_blk_mem_gen/
   valid.cstr/ramloop[0].ram.r/s3_init.ram/spram.ram.A>:<RAMB16_RAMB16A>.
WARNING:PhysDesignRules:812 - Dangling pin <DOA30> on
   block:<dm/Data_memory/U0/xst_blk_mem_generator/gnativebmg.native_blk_mem_gen/
   valid.cstr/ramloop[0].ram.r/s3_init.ram/spram.ram.A>:<RAMB16_RAMB16A>.
WARNING:PhysDesignRules:812 - Dangling pin <DOA31> on
   block:<dm/Data_memory/U0/xst_blk_mem_generator/gnativebmg.native_blk_mem_gen/
   valid.cstr/ramloop[0].ram.r/s3_init.ram/spram.ram.A>:<RAMB16_RAMB16A>.
WARNING:PhysDesignRules:812 - Dangling pin <DOB1> on
   block:<dm/Data_memory/U0/xst_blk_mem_generator/gnativebmg.native_blk_mem_gen/
   valid.cstr/ramloop[0].ram.r/s3_init.ram/spram.ram.B>:<RAMB16_RAMB16B>.
WARNING:PhysDesignRules:812 - Dangling pin <DOB2> on
   block:<dm/Data_memory/U0/xst_blk_mem_generator/gnativebmg.native_blk_mem_gen/
   valid.cstr/ramloop[0].ram.r/s3_init.ram/spram.ram.B>:<RAMB16_RAMB16B>.
WARNING:PhysDesignRules:812 - Dangling pin <DOB3> on
   block:<dm/Data_memory/U0/xst_blk_mem_generator/gnativebmg.native_blk_mem_gen/
   valid.cstr/ramloop[0].ram.r/s3_init.ram/spram.ram.B>:<RAMB16_RAMB16B>.
WARNING:PhysDesignRules:812 - Dangling pin <DOB4> on
   block:<dm/Data_memory/U0/xst_blk_mem_generator/gnativebmg.native_blk_mem_gen/
   valid.cstr/ramloop[0].ram.r/s3_init.ram/spram.ram.B>:<RAMB16_RAMB16B>.
WARNING:PhysDesignRules:812 - Dangling pin <DOB5> on
   block:<dm/Data_memory/U0/xst_blk_mem_generator/gnativebmg.native_blk_mem_gen/
   valid.cstr/ramloop[0].ram.r/s3_init.ram/spram.ram.B>:<RAMB16_RAMB16B>.
WARNING:PhysDesignRules:812 - Dangling pin <DOB6> on
   block:<dm/Data_memory/U0/xst_blk_mem_generator/gnativebmg.native_blk_mem_gen/
   valid.cstr/ramloop[0].ram.r/s3_init.ram/spram.ram.B>:<RAMB16_RAMB16B>.
WARNING:PhysDesignRules:812 - Dangling pin <DOB7> on
   block:<dm/Data_memory/U0/xst_blk_mem_generator/gnativebmg.native_blk_mem_gen/
   valid.cstr/ramloop[0].ram.r/s3_init.ram/spram.ram.B>:<RAMB16_RAMB16B>.
WARNING:PhysDesignRules:812 - Dangling pin <DOB9> on
   block:<dm/Data_memory/U0/xst_blk_mem_generator/gnativebmg.native_blk_mem_gen/
   valid.cstr/ramloop[0].ram.r/s3_init.ram/spram.ram.B>:<RAMB16_RAMB16B>.
WARNING:PhysDesignRules:812 - Dangling pin <DOB10> on
   block:<dm/Data_memory/U0/xst_blk_mem_generator/gnativebmg.native_blk_mem_gen/
   valid.cstr/ramloop[0].ram.r/s3_init.ram/spram.ram.B>:<RAMB16_RAMB16B>.
WARNING:PhysDesignRules:812 - Dangling pin <DOB11> on
   block:<dm/Data_memory/U0/xst_blk_mem_generator/gnativebmg.native_blk_mem_gen/
   valid.cstr/ramloop[0].ram.r/s3_init.ram/spram.ram.B>:<RAMB16_RAMB16B>.
WARNING:PhysDesignRules:812 - Dangling pin <DOB12> on
   block:<dm/Data_memory/U0/xst_blk_mem_generator/gnativebmg.native_blk_mem_gen/
   valid.cstr/ramloop[0].ram.r/s3_init.ram/spram.ram.B>:<RAMB16_RAMB16B>.
WARNING:PhysDesignRules:812 - Dangling pin <DOB13> on
   block:<dm/Data_memory/U0/xst_blk_mem_generator/gnativebmg.native_blk_mem_gen/
   valid.cstr/ramloop[0].ram.r/s3_init.ram/spram.ram.B>:<RAMB16_RAMB16B>.
WARNING:PhysDesignRules:812 - Dangling pin <DOB14> on
   block:<dm/Data_memory/U0/xst_blk_mem_generator/gnativebmg.native_blk_mem_gen/
   valid.cstr/ramloop[0].ram.r/s3_init.ram/spram.ram.B>:<RAMB16_RAMB16B>.
WARNING:PhysDesignRules:812 - Dangling pin <DOB15> on
   block:<dm/Data_memory/U0/xst_blk_mem_generator/gnativebmg.native_blk_mem_gen/
   valid.cstr/ramloop[0].ram.r/s3_init.ram/spram.ram.B>:<RAMB16_RAMB16B>.
WARNING:PhysDesignRules:812 - Dangling pin <DOB17> on
   block:<dm/Data_memory/U0/xst_blk_mem_generator/gnativebmg.native_blk_mem_gen/
   valid.cstr/ramloop[0].ram.r/s3_init.ram/spram.ram.B>:<RAMB16_RAMB16B>.
WARNING:PhysDesignRules:812 - Dangling pin <DOB18> on
   block:<dm/Data_memory/U0/xst_blk_mem_generator/gnativebmg.native_blk_mem_gen/
   valid.cstr/ramloop[0].ram.r/s3_init.ram/spram.ram.B>:<RAMB16_RAMB16B>.
WARNING:PhysDesignRules:812 - Dangling pin <DOB19> on
   block:<dm/Data_memory/U0/xst_blk_mem_generator/gnativebmg.native_blk_mem_gen/
   valid.cstr/ramloop[0].ram.r/s3_init.ram/spram.ram.B>:<RAMB16_RAMB16B>.
WARNING:PhysDesignRules:812 - Dangling pin <DOB20> on
   block:<dm/Data_memory/U0/xst_blk_mem_generator/gnativebmg.native_blk_mem_gen/
   valid.cstr/ramloop[0].ram.r/s3_init.ram/spram.ram.B>:<RAMB16_RAMB16B>.
WARNING:PhysDesignRules:812 - Dangling pin <DOB21> on
   block:<dm/Data_memory/U0/xst_blk_mem_generator/gnativebmg.native_blk_mem_gen/
   valid.cstr/ramloop[0].ram.r/s3_init.ram/spram.ram.B>:<RAMB16_RAMB16B>.
WARNING:PhysDesignRules:812 - Dangling pin <DOB22> on
   block:<dm/Data_memory/U0/xst_blk_mem_generator/gnativebmg.native_blk_mem_gen/
   valid.cstr/ramloop[0].ram.r/s3_init.ram/spram.ram.B>:<RAMB16_RAMB16B>.
WARNING:PhysDesignRules:812 - Dangling pin <DOB23> on
   block:<dm/Data_memory/U0/xst_blk_mem_generator/gnativebmg.native_blk_mem_gen/
   valid.cstr/ramloop[0].ram.r/s3_init.ram/spram.ram.B>:<RAMB16_RAMB16B>.
WARNING:PhysDesignRules:812 - Dangling pin <DOB25> on
   block:<dm/Data_memory/U0/xst_blk_mem_generator/gnativebmg.native_blk_mem_gen/
   valid.cstr/ramloop[0].ram.r/s3_init.ram/spram.ram.B>:<RAMB16_RAMB16B>.
WARNING:PhysDesignRules:812 - Dangling pin <DOB26> on
   block:<dm/Data_memory/U0/xst_blk_mem_generator/gnativebmg.native_blk_mem_gen/
   valid.cstr/ramloop[0].ram.r/s3_init.ram/spram.ram.B>:<RAMB16_RAMB16B>.
WARNING:PhysDesignRules:812 - Dangling pin <DOB27> on
   block:<dm/Data_memory/U0/xst_blk_mem_generator/gnativebmg.native_blk_mem_gen/
   valid.cstr/ramloop[0].ram.r/s3_init.ram/spram.ram.B>:<RAMB16_RAMB16B>.
WARNING:PhysDesignRules:812 - Dangling pin <DOB28> on
   block:<dm/Data_memory/U0/xst_blk_mem_generator/gnativebmg.native_blk_mem_gen/
   valid.cstr/ramloop[0].ram.r/s3_init.ram/spram.ram.B>:<RAMB16_RAMB16B>.
WARNING:PhysDesignRules:812 - Dangling pin <DOB29> on
   block:<dm/Data_memory/U0/xst_blk_mem_generator/gnativebmg.native_blk_mem_gen/
   valid.cstr/ramloop[0].ram.r/s3_init.ram/spram.ram.B>:<RAMB16_RAMB16B>.
WARNING:PhysDesignRules:812 - Dangling pin <DOB30> on
   block:<dm/Data_memory/U0/xst_blk_mem_generator/gnativebmg.native_blk_mem_gen/
   valid.cstr/ramloop[0].ram.r/s3_init.ram/spram.ram.B>:<RAMB16_RAMB16B>.
WARNING:PhysDesignRules:812 - Dangling pin <DOB31> on
   block:<dm/Data_memory/U0/xst_blk_mem_generator/gnativebmg.native_blk_mem_gen/
   valid.cstr/ramloop[0].ram.r/s3_init.ram/spram.ram.B>:<RAMB16_RAMB16B>.

Section 3 - Informational
-------------------------
INFO:LIT:243 - Logical network rb/Mram_membyte_ren16/SPO has no load.
INFO:LIT:395 - The above info message is repeated 31 more times for the
   following (max. 5 shown):
   rb/Mram_membyte_ren15/SPO,
   rb/Mram_membyte_ren14/SPO,
   rb/Mram_membyte_ren13/SPO,
   rb/Mram_membyte_ren12/SPO,
   rb/Mram_membyte_ren10/SPO
   To see the details of these info messages, please use the -detail switch.
INFO:MapLib:562 - No environment variables are currently set.
INFO:LIT:244 - All of the single ended outputs in this design are using slew
   rate limited output drivers. The delay on speed critical single ended outputs
   can be dramatically reduced by designating them as fast outputs.

Section 4 - Removed Logic Summary
---------------------------------
   6 block(s) optimized away

Section 5 - Removed Logic
-------------------------

Optimized Block(s):
TYPE 		BLOCK
GND 		XST_GND
VCC 		XST_VCC
GND 		dm/Data_memory/XST_GND
VCC 		dm/Data_memory/XST_VCC
GND 		pi/progcount_im_block/XST_GND
VCC 		pi/progcount_im_block/XST_VCC

To enable printing of redundant blocks removed and signals merged, set the
detailed map report option and rerun map.

Section 6 - IOB Properties
--------------------------

+---------------------------------------------------------------------------------------------------------------------------------------------------------+
| IOB Name                           | Type             | Direction | IO Standard          | Diff  | Drive    | Slew | Reg (s)      | Resistor | IOB      |
|                                    |                  |           |                      | Term  | Strength | Rate |              |          | Delay    |
+---------------------------------------------------------------------------------------------------------------------------------------------------------+
| A<0>                               | IOB              | OUTPUT    | LVCMOS25             |       | 12       | SLOW |              |          | 0 / 0    |
| A<1>                               | IOB              | OUTPUT    | LVCMOS25             |       | 12       | SLOW |              |          | 0 / 0    |
| A<2>                               | IOB              | OUTPUT    | LVCMOS25             |       | 12       | SLOW |              |          | 0 / 0    |
| A<3>                               | IOB              | OUTPUT    | LVCMOS25             |       | 12       | SLOW |              |          | 0 / 0    |
| A<4>                               | IOB              | OUTPUT    | LVCMOS25             |       | 12       | SLOW |              |          | 0 / 0    |
| A<5>                               | IOB              | OUTPUT    | LVCMOS25             |       | 12       | SLOW |              |          | 0 / 0    |
| A<6>                               | IOB              | OUTPUT    | LVCMOS25             |       | 12       | SLOW |              |          | 0 / 0    |
| A<7>                               | IOB              | OUTPUT    | LVCMOS25             |       | 12       | SLOW |              |          | 0 / 0    |
| B<0>                               | IOB              | OUTPUT    | LVCMOS25             |       | 12       | SLOW |              |          | 0 / 0    |
| B<1>                               | IOB              | OUTPUT    | LVCMOS25             |       | 12       | SLOW |              |          | 0 / 0    |
| B<2>                               | IOB              | OUTPUT    | LVCMOS25             |       | 12       | SLOW |              |          | 0 / 0    |
| B<3>                               | IOB              | OUTPUT    | LVCMOS25             |       | 12       | SLOW |              |          | 0 / 0    |
| B<4>                               | IOB              | OUTPUT    | LVCMOS25             |       | 12       | SLOW |              |          | 0 / 0    |
| B<5>                               | IOB              | OUTPUT    | LVCMOS25             |       | 12       | SLOW |              |          | 0 / 0    |
| B<6>                               | IOB              | OUTPUT    | LVCMOS25             |       | 12       | SLOW |              |          | 0 / 0    |
| B<7>                               | IOB              | OUTPUT    | LVCMOS25             |       | 12       | SLOW |              |          | 0 / 0    |
| ans_ex<0>                          | IOB              | OUTPUT    | LVCMOS25             |       | 12       | SLOW |              |          | 0 / 0    |
| ans_ex<1>                          | IOB              | OUTPUT    | LVCMOS25             |       | 12       | SLOW |              |          | 0 / 0    |
| ans_ex<2>                          | IOB              | OUTPUT    | LVCMOS25             |       | 12       | SLOW |              |          | 0 / 0    |
| ans_ex<3>                          | IOB              | OUTPUT    | LVCMOS25             |       | 12       | SLOW |              |          | 0 / 0    |
| ans_ex<4>                          | IOB              | OUTPUT    | LVCMOS25             |       | 12       | SLOW |              |          | 0 / 0    |
| ans_ex<5>                          | IOB              | OUTPUT    | LVCMOS25             |       | 12       | SLOW |              |          | 0 / 0    |
| ans_ex<6>                          | IOB              | OUTPUT    | LVCMOS25             |       | 12       | SLOW |              |          | 0 / 0    |
| ans_ex<7>                          | IOB              | OUTPUT    | LVCMOS25             |       | 12       | SLOW |              |          | 0 / 0    |
| ans_wb<0>                          | IOB              | OUTPUT    | LVCMOS25             |       | 12       | SLOW |              |          | 0 / 0    |
| ans_wb<1>                          | IOB              | OUTPUT    | LVCMOS25             |       | 12       | SLOW |              |          | 0 / 0    |
| ans_wb<2>                          | IOB              | OUTPUT    | LVCMOS25             |       | 12       | SLOW |              |          | 0 / 0    |
| ans_wb<3>                          | IOB              | OUTPUT    | LVCMOS25             |       | 12       | SLOW |              |          | 0 / 0    |
| ans_wb<4>                          | IOB              | OUTPUT    | LVCMOS25             |       | 12       | SLOW |              |          | 0 / 0    |
| ans_wb<5>                          | IOB              | OUTPUT    | LVCMOS25             |       | 12       | SLOW |              |          | 0 / 0    |
| ans_wb<6>                          | IOB              | OUTPUT    | LVCMOS25             |       | 12       | SLOW |              |          | 0 / 0    |
| ans_wb<7>                          | IOB              | OUTPUT    | LVCMOS25             |       | 12       | SLOW |              |          | 0 / 0    |
| clk                                | IBUF             | INPUT     | LVCMOS25             |       |          |      |              |          | 0 / 0    |
| current_address<0>                 | IOB              | OUTPUT    | LVCMOS25             |       | 12       | SLOW |              |          | 0 / 0    |
| current_address<1>                 | IOB              | OUTPUT    | LVCMOS25             |       | 12       | SLOW |              |          | 0 / 0    |
| current_address<2>                 | IOB              | OUTPUT    | LVCMOS25             |       | 12       | SLOW |              |          | 0 / 0    |
| current_address<3>                 | IOB              | OUTPUT    | LVCMOS25             |       | 12       | SLOW |              |          | 0 / 0    |
| current_address<4>                 | IOB              | OUTPUT    | LVCMOS25             |       | 12       | SLOW |              |          | 0 / 0    |
| current_address<5>                 | IOB              | OUTPUT    | LVCMOS25             |       | 12       | SLOW |              |          | 0 / 0    |
| current_address<6>                 | IOB              | OUTPUT    | LVCMOS25             |       | 12       | SLOW |              |          | 0 / 0    |
| current_address<7>                 | IOB              | OUTPUT    | LVCMOS25             |       | 12       | SLOW |              |          | 0 / 0    |
| data_in<0>                         | IBUF             | INPUT     | LVCMOS25             |       |          |      |              |          | 0 / 0    |
| data_in<1>                         | IBUF             | INPUT     | LVCMOS25             |       |          |      |              |          | 0 / 0    |
| data_in<2>                         | IBUF             | INPUT     | LVCMOS25             |       |          |      |              |          | 0 / 0    |
| data_in<3>                         | IBUF             | INPUT     | LVCMOS25             |       |          |      |              |          | 0 / 0    |
| data_in<4>                         | IBUF             | INPUT     | LVCMOS25             |       |          |      |              |          | 0 / 0    |
| data_in<5>                         | IBUF             | INPUT     | LVCMOS25             |       |          |      |              |          | 0 / 0    |
| data_in<6>                         | IBUF             | INPUT     | LVCMOS25             |       |          |      |              |          | 0 / 0    |
| data_in<7>                         | IBUF             | INPUT     | LVCMOS25             |       |          |      |              |          | 0 / 0    |
| data_out<0>                        | IOB              | OUTPUT    | LVCMOS25             |       | 12       | SLOW |              |          | 0 / 0    |
| data_out<1>                        | IOB              | OUTPUT    | LVCMOS25             |       | 12       | SLOW |              |          | 0 / 0    |
| data_out<2>                        | IOB              | OUTPUT    | LVCMOS25             |       | 12       | SLOW |              |          | 0 / 0    |
| data_out<3>                        | IOB              | OUTPUT    | LVCMOS25             |       | 12       | SLOW |              |          | 0 / 0    |
| data_out<4>                        | IOB              | OUTPUT    | LVCMOS25             |       | 12       | SLOW |              |          | 0 / 0    |
| data_out<5>                        | IOB              | OUTPUT    | LVCMOS25             |       | 12       | SLOW |              |          | 0 / 0    |
| data_out<6>                        | IOB              | OUTPUT    | LVCMOS25             |       | 12       | SLOW |              |          | 0 / 0    |
| data_out<7>                        | IOB              | OUTPUT    | LVCMOS25             |       | 12       | SLOW |              |          | 0 / 0    |
| ins<0>                             | IOB              | OUTPUT    | LVCMOS25             |       | 12       | SLOW |              |          | 0 / 0    |
| ins<1>                             | IOB              | OUTPUT    | LVCMOS25             |       | 12       | SLOW |              |          | 0 / 0    |
| ins<2>                             | IOB              | OUTPUT    | LVCMOS25             |       | 12       | SLOW |              |          | 0 / 0    |
| ins<3>                             | IOB              | OUTPUT    | LVCMOS25             |       | 12       | SLOW |              |          | 0 / 0    |
| ins<4>                             | IOB              | OUTPUT    | LVCMOS25             |       | 12       | SLOW |              |          | 0 / 0    |
| ins<5>                             | IOB              | OUTPUT    | LVCMOS25             |       | 12       | SLOW |              |          | 0 / 0    |
| ins<6>                             | IOB              | OUTPUT    | LVCMOS25             |       | 12       | SLOW |              |          | 0 / 0    |
| ins<7>                             | IOB              | OUTPUT    | LVCMOS25             |       | 12       | SLOW |              |          | 0 / 0    |
| ins<8>                             | IOB              | OUTPUT    | LVCMOS25             |       | 12       | SLOW |              |          | 0 / 0    |
| ins<9>                             | IOB              | OUTPUT    | LVCMOS25             |       | 12       | SLOW |              |          | 0 / 0    |
| ins<10>                            | IOB              | OUTPUT    | LVCMOS25             |       | 12       | SLOW |              |          | 0 / 0    |
| ins<11>                            | IOB              | OUTPUT    | LVCMOS25             |       | 12       | SLOW |              |          | 0 / 0    |
| ins<12>                            | IOB              | OUTPUT    | LVCMOS25             |       | 12       | SLOW |              |          | 0 / 0    |
| ins<13>                            | IOB              | OUTPUT    | LVCMOS25             |       | 12       | SLOW |              |          | 0 / 0    |
| ins<14>                            | IOB              | OUTPUT    | LVCMOS25             |       | 12       | SLOW |              |          | 0 / 0    |
| ins<15>                            | IOB              | OUTPUT    | LVCMOS25             |       | 12       | SLOW |              |          | 0 / 0    |
| ins<16>                            | IOB              | OUTPUT    | LVCMOS25             |       | 12       | SLOW |              |          | 0 / 0    |
| ins<17>                            | IOB              | OUTPUT    | LVCMOS25             |       | 12       | SLOW |              |          | 0 / 0    |
| ins<18>                            | IOB              | OUTPUT    | LVCMOS25             |       | 12       | SLOW |              |          | 0 / 0    |
| ins<19>                            | IOB              | OUTPUT    | LVCMOS25             |       | 12       | SLOW |              |          | 0 / 0    |
| interrupt                          | IBUF             | INPUT     | LVCMOS25             |       |          |      |              |          | 0 / 0    |
| mux_ans_dm<0>                      | IOB              | OUTPUT    | LVCMOS25             |       | 12       | SLOW |              |          | 0 / 0    |
| mux_ans_dm<1>                      | IOB              | OUTPUT    | LVCMOS25             |       | 12       | SLOW |              |          | 0 / 0    |
| mux_ans_dm<2>                      | IOB              | OUTPUT    | LVCMOS25             |       | 12       | SLOW |              |          | 0 / 0    |
| mux_ans_dm<3>                      | IOB              | OUTPUT    | LVCMOS25             |       | 12       | SLOW |              |          | 0 / 0    |
| mux_ans_dm<4>                      | IOB              | OUTPUT    | LVCMOS25             |       | 12       | SLOW |              |          | 0 / 0    |
| mux_ans_dm<5>                      | IOB              | OUTPUT    | LVCMOS25             |       | 12       | SLOW |              |          | 0 / 0    |
| mux_ans_dm<6>                      | IOB              | OUTPUT    | LVCMOS25             |       | 12       | SLOW |              |          | 0 / 0    |
| mux_ans_dm<7>                      | IOB              | OUTPUT    | LVCMOS25             |       | 12       | SLOW |              |          | 0 / 0    |
| reset                              | IBUF             | INPUT     | LVCMOS25             |       |          |      |              |          | 0 / 0    |
+---------------------------------------------------------------------------------------------------------------------------------------------------------+

Section 7 - RPMs
----------------

Section 8 - Guide Report
------------------------
Guide not run on this design.

Section 9 - Area Group and Partition Summary
--------------------------------------------

Partition Implementation Status
-------------------------------

  No Partitions were found in this design.

-------------------------------

Area Group Information
----------------------

  No area groups were found in this design.

----------------------

Section 10 - Timing Report
--------------------------
This design was not run using timing mode.

Section 11 - Configuration String Details
-----------------------------------------
Use the "-detail" map option to print out Configuration Strings

Section 12 - Control Set Information
------------------------------------
No control set information for this architecture.

Section 13 - Utilization by Hierarchy
-------------------------------------
Use the "-detail" map option to print out the Utilization by Hierarchy section.
