Release 14.7 - xst P.20131013 (nt64)
Copyright (c) 1995-2013 Xilinx, Inc.  All rights reserved.
--> Parameter TMPDIR set to xst/projnav.tmp


Total REAL time to Xst completion: 0.00 secs
Total CPU time to Xst completion: 0.19 secs
 
--> Parameter xsthdpdir set to xst


Total REAL time to Xst completion: 0.00 secs
Total CPU time to Xst completion: 0.19 secs
 
--> Reading design: progcount_im_block.prj

TABLE OF CONTENTS
  1) Synthesis Options Summary
  2) HDL Compilation
  3) Design Hierarchy Analysis
  4) HDL Analysis
  5) HDL Synthesis
     5.1) HDL Synthesis Report
  6) Advanced HDL Synthesis
     6.1) Advanced HDL Synthesis Report
  7) Low Level Synthesis
  8) Partition Report
  9) Final Report
	9.1) Device utilization summary
	9.2) Partition Resource Summary
	9.3) TIMING REPORT


=========================================================================
*                      Synthesis Options Summary                        *
=========================================================================
---- Source Parameters
Input File Name                    : "progcount_im_block.prj"
Input Format                       : mixed
Ignore Synthesis Constraint File   : NO

---- Target Parameters
Output File Name                   : "progcount_im_block"
Output Format                      : NGC
Target Device                      : xc3s500e-5-fg320

---- Source Options
Top Module Name                    : progcount_im_block
Automatic FSM Extraction           : YES
FSM Encoding Algorithm             : Auto
Safe Implementation                : No
FSM Style                          : LUT
RAM Extraction                     : Yes
RAM Style                          : Auto
ROM Extraction                     : Yes
Mux Style                          : Auto
Decoder Extraction                 : YES
Priority Encoder Extraction        : Yes
Shift Register Extraction          : YES
Logical Shifter Extraction         : YES
XOR Collapsing                     : YES
ROM Style                          : Auto
Mux Extraction                     : Yes
Resource Sharing                   : YES
Asynchronous To Synchronous        : NO
Multiplier Style                   : Auto
Automatic Register Balancing       : No

---- Target Options
Add IO Buffers                     : YES
Global Maximum Fanout              : 100000
Add Generic Clock Buffer(BUFG)     : 24
Register Duplication               : YES
Slice Packing                      : YES
Optimize Instantiated Primitives   : NO
Use Clock Enable                   : Yes
Use Synchronous Set                : Yes
Use Synchronous Reset              : Yes
Pack IO Registers into IOBs        : Auto
Equivalent register Removal        : YES

---- General Options
Optimization Goal                  : Speed
Optimization Effort                : 1
Keep Hierarchy                     : No
Netlist Hierarchy                  : As_Optimized
RTL Output                         : Yes
Global Optimization                : AllClockNets
Read Cores                         : YES
Write Timing Constraints           : NO
Cross Clock Analysis               : NO
Hierarchy Separator                : /
Bus Delimiter                      : <>
Case Specifier                     : Maintain
Slice Utilization Ratio            : 100
BRAM Utilization Ratio             : 100
Verilog 2001                       : YES
Auto BRAM Packing                  : NO
Slice Utilization Ratio Delta      : 5

---- Other Options
Cores Search Directories           : {"ipcore_dir"  }

=========================================================================


=========================================================================
*                          HDL Compilation                              *
=========================================================================
Compiling verilog file "ipcore_dir/procount_im_block.v" in library work
Compiling verilog file "progcount_im_block.v" in library work
Module <procount_im_block> compiled
Module <progcount_im_block> compiled
No errors in compilation
Analysis of file <"progcount_im_block.prj"> succeeded.
 

=========================================================================
*                     Design Hierarchy Analysis                         *
=========================================================================
Analyzing hierarchy for module <progcount_im_block> in library <work>.


=========================================================================
*                            HDL Analysis                               *
=========================================================================
Analyzing top module <progcount_im_block>.
WARNING:Xst:2211 - "ipcore_dir/procount_im_block.v" line 59: Instantiating black box module <procount_im_block>.
Module <progcount_im_block> is correct for synthesis.
 

=========================================================================
*                           HDL Synthesis                               *
=========================================================================

Performing bidirectional port resolution...

Synthesizing Unit <progcount_im_block>.
    Related source file is "progcount_im_block.v".
    Found 8-bit register for signal <address_hold>.
    Found 8-bit adder for signal <increment_address>.
    Found 8-bit register for signal <next_address>.
    Found 20-bit register for signal <reg1>.
    Summary:
	inferred  36 D-type flip-flop(s).
	inferred   1 Adder/Subtractor(s).
Unit <progcount_im_block> synthesized.


=========================================================================
HDL Synthesis Report

Macro Statistics
# Adders/Subtractors                                   : 1
 8-bit adder                                           : 1
# Registers                                            : 3
 20-bit register                                       : 1
 8-bit register                                        : 2

=========================================================================

=========================================================================
*                       Advanced HDL Synthesis                          *
=========================================================================

Reading core <ipcore_dir/procount_im_block.ngc>.
Loading core <procount_im_block> for timing and area information for instance <progcount_im_block>.

=========================================================================
Advanced HDL Synthesis Report

Macro Statistics
# Adders/Subtractors                                   : 1
 8-bit adder                                           : 1
# Registers                                            : 36
 Flip-Flops                                            : 36

=========================================================================

=========================================================================
*                         Low Level Synthesis                           *
=========================================================================

Optimizing unit <progcount_im_block> ...

Mapping all equations...
Building and optimizing final netlist ...
Found area constraint ratio of 100 (+ 5) on block progcount_im_block, actual ratio is 0.

Final Macro Processing ...

=========================================================================
Final Register Report

Macro Statistics
# Registers                                            : 36
 Flip-Flops                                            : 36

=========================================================================

=========================================================================
*                           Partition Report                            *
=========================================================================

Partition Implementation Status
-------------------------------

  No Partitions were found in this design.

-------------------------------

=========================================================================
*                            Final Report                               *
=========================================================================
Final Results
RTL Top Level Output File Name     : progcount_im_block.ngr
Top Level Output File Name         : progcount_im_block
Output Format                      : NGC
Optimization Goal                  : Speed
Keep Hierarchy                     : No

Design Statistics
# IOs                              : 61

Cell Usage :
# BELS                             : 96
#      GND                         : 1
#      INV                         : 1
#      LUT3                        : 26
#      LUT4                        : 48
#      LUT4_D                      : 9
#      LUT4_L                      : 4
#      MUXF5                       : 5
#      VCC                         : 2
# FlipFlops/Latches                : 36
#      FDE                         : 20
#      FDR                         : 16
# RAMS                             : 1
#      RAMB16_S36_S36              : 1
# Clock Buffers                    : 1
#      BUFGP                       : 1
# IO Buffers                       : 60
#      IBUF                        : 12
#      OBUF                        : 48
=========================================================================

Device utilization summary:
---------------------------

Selected Device : 3s500efg320-5 

 Number of Slices:                       47  out of   4656     1%  
 Number of Slice Flip Flops:             36  out of   9312     0%  
 Number of 4 input LUTs:                 88  out of   9312     0%  
 Number of IOs:                          61
 Number of bonded IOBs:                  61  out of    232    26%  
 Number of BRAMs:                         1  out of     20     5%  
 Number of GCLKs:                         1  out of     24     4%  

---------------------------
Partition Resource Summary:
---------------------------

  No Partitions were found in this design.

---------------------------


=========================================================================
TIMING REPORT

NOTE: THESE TIMING NUMBERS ARE ONLY A SYNTHESIS ESTIMATE.
      FOR ACCURATE TIMING INFORMATION PLEASE REFER TO THE TRACE REPORT
      GENERATED AFTER PLACE-and-ROUTE.

Clock Information:
------------------
-----------------------------------+------------------------+-------+
Clock Signal                       | Clock buffer(FF name)  | Load  |
-----------------------------------+------------------------+-------+
clk                                | BUFGP                  | 37    |
-----------------------------------+------------------------+-------+

Asynchronous Control Signals Information:
----------------------------------------
No asynchronous control signals found in this design

Timing Summary:
---------------
Speed Grade: -5

   Minimum period: 4.503ns (Maximum Frequency: 222.062MHz)
   Minimum input arrival time before clock: 5.817ns
   Maximum output required time after clock: 7.007ns
   Maximum combinational path delay: 7.703ns

Timing Detail:
--------------
All values displayed in nanoseconds (ns)

=========================================================================
Timing constraint: Default period analysis for Clock 'clk'
  Clock period: 4.503ns (frequency: 222.062MHz)
  Total number of paths / destination ports: 220 / 52
-------------------------------------------------------------------------
Delay:               4.503ns (Levels of Logic = 4)
  Source:            address_hold_3 (FF)
  Destination:       next_address_4 (FF)
  Source Clock:      clk rising
  Destination Clock: clk rising

  Data Path: address_hold_3 to next_address_4
                                Gate     Net
    Cell:in->out      fanout   Delay   Delay  Logical Name (Net Name)
    ----------------------------------------  ------------
     FDR:C->Q              4   0.514   0.502  address_hold_3 (address_hold_3)
     LUT4:I3->O            1   0.612   0.000  current_address<3>_F (N30)
     MUXF5:I0->O           4   0.278   0.651  current_address<3> (Madd_increment_address_lut<3>)
     LUT4_D:I0->O          3   0.612   0.454  Madd_increment_address_cy<3>11 (Madd_increment_address_cy<3>)
     LUT4:I3->O            1   0.612   0.000  Madd_increment_address_xor<6>11 (increment_address<6>)
     FDR:D                     0.268          next_address_6
    ----------------------------------------
    Total                      4.503ns (2.896ns logic, 1.607ns route)
                                       (64.3% logic, 35.7% route)

=========================================================================
Timing constraint: Default OFFSET IN BEFORE for Clock 'clk'
  Total number of paths / destination ports: 432 / 88
-------------------------------------------------------------------------
Offset:              5.817ns (Levels of Logic = 5)
  Source:            pc_mux_sel (PAD)
  Destination:       next_address_4 (FF)
  Destination Clock: clk rising

  Data Path: pc_mux_sel to next_address_4
                                Gate     Net
    Cell:in->out      fanout   Delay   Delay  Logical Name (Net Name)
    ----------------------------------------  ------------
     IBUF:I->O            26   1.106   1.223  pc_mux_sel_IBUF (pc_mux_sel_IBUF)
     LUT4:I0->O            1   0.612   0.000  current_address<3>_F (N30)
     MUXF5:I0->O           4   0.278   0.651  current_address<3> (Madd_increment_address_lut<3>)
     LUT4_D:I0->O          3   0.612   0.454  Madd_increment_address_cy<3>11 (Madd_increment_address_cy<3>)
     LUT4:I3->O            1   0.612   0.000  Madd_increment_address_xor<6>11 (increment_address<6>)
     FDR:D                     0.268          next_address_6
    ----------------------------------------
    Total                      5.817ns (3.488ns logic, 2.329ns route)
                                       (60.0% logic, 40.0% route)

=========================================================================
Timing constraint: Default OFFSET OUT AFTER for Clock 'clk'
  Total number of paths / destination ports: 104 / 48
-------------------------------------------------------------------------
Offset:              7.007ns (Levels of Logic = 3)
  Source:            progcount_im_block/U0/xst_blk_mem_generator/gnativebmg.native_blk_mem_gen/valid.cstr/ramloop[0].ram.r/s3_init.ram/spram.ram (RAM)
  Destination:       ins<19> (PAD)
  Source Clock:      clk rising

  Data Path: progcount_im_block/U0/xst_blk_mem_generator/gnativebmg.native_blk_mem_gen/valid.cstr/ramloop[0].ram.r/s3_init.ram/spram.ram to ins<19>
                                Gate     Net
    Cell:in->out      fanout   Delay   Delay  Logical Name (Net Name)
    ----------------------------------------  ------------
     RAMB16_S36_S36:CLKB->DOB25    2   2.436   0.410  U0/xst_blk_mem_generator/gnativebmg.native_blk_mem_gen/valid.cstr/ramloop[0].ram.r/s3_init.ram/spram.ram (douta<19>)
     end scope: 'progcount_im_block'
     LUT3:I2->O            2   0.612   0.380  ins<19>1 (ins_19_OBUF)
     OBUF:I->O                 3.169          ins_19_OBUF (ins<19>)
    ----------------------------------------
    Total                      7.007ns (6.217ns logic, 0.790ns route)
                                       (88.7% logic, 11.3% route)

=========================================================================
Timing constraint: Default path analysis
  Total number of paths / destination ports: 108 / 48
-------------------------------------------------------------------------
Delay:               7.703ns (Levels of Logic = 4)
  Source:            pc_mux_sel (PAD)
  Destination:       current_address<4> (PAD)

  Data Path: pc_mux_sel to current_address<4>
                                Gate     Net
    Cell:in->out      fanout   Delay   Delay  Logical Name (Net Name)
    ----------------------------------------  ------------
     IBUF:I->O            26   1.106   1.223  pc_mux_sel_IBUF (pc_mux_sel_IBUF)
     LUT4_D:I0->O          3   0.612   0.481  current_address<4>_SW1 (N10)
     LUT3:I2->O            4   0.612   0.499  current_address<4> (Madd_increment_address_lut<4>)
     OBUF:I->O                 3.169          current_address_4_OBUF (current_address<4>)
    ----------------------------------------
    Total                      7.703ns (5.499ns logic, 2.204ns route)
                                       (71.4% logic, 28.6% route)

=========================================================================


Total REAL time to Xst completion: 12.00 secs
Total CPU time to Xst completion: 12.11 secs
 
--> 

Total memory usage is 305824 kilobytes

Number of errors   :    0 (   0 filtered)
Number of warnings :    2 (   0 filtered)
Number of infos    :    0 (   0 filtered)

