Release 14.7 - xst P.20131013 (nt64)
Copyright (c) 1995-2013 Xilinx, Inc.  All rights reserved.
--> Parameter TMPDIR set to xst/projnav.tmp


Total REAL time to Xst completion: 0.00 secs
Total CPU time to Xst completion: 0.16 secs
 
--> Parameter xsthdpdir set to xst


Total REAL time to Xst completion: 0.00 secs
Total CPU time to Xst completion: 0.16 secs
 
--> Reading design: Register_bank.prj

TABLE OF CONTENTS
  1) Synthesis Options Summary
  2) HDL Compilation
  3) Design Hierarchy Analysis
  4) HDL Analysis
  5) HDL Synthesis
     5.1) HDL Synthesis Report
  6) Advanced HDL Synthesis
     6.1) Advanced HDL Synthesis Report
  7) Low Level Synthesis
  8) Partition Report
  9) Final Report
	9.1) Device utilization summary
	9.2) Partition Resource Summary
	9.3) TIMING REPORT


=========================================================================
*                      Synthesis Options Summary                        *
=========================================================================
---- Source Parameters
Input File Name                    : "Register_bank.prj"
Input Format                       : mixed
Ignore Synthesis Constraint File   : NO

---- Target Parameters
Output File Name                   : "Register_bank"
Output Format                      : NGC
Target Device                      : xc3s500e-5-fg320

---- Source Options
Top Module Name                    : Register_bank
Automatic FSM Extraction           : YES
FSM Encoding Algorithm             : Auto
Safe Implementation                : No
FSM Style                          : LUT
RAM Extraction                     : Yes
RAM Style                          : Auto
ROM Extraction                     : Yes
Mux Style                          : Auto
Decoder Extraction                 : YES
Priority Encoder Extraction        : Yes
Shift Register Extraction          : YES
Logical Shifter Extraction         : YES
XOR Collapsing                     : YES
ROM Style                          : Auto
Mux Extraction                     : Yes
Resource Sharing                   : YES
Asynchronous To Synchronous        : NO
Multiplier Style                   : Auto
Automatic Register Balancing       : No

---- Target Options
Add IO Buffers                     : YES
Global Maximum Fanout              : 100000
Add Generic Clock Buffer(BUFG)     : 24
Register Duplication               : YES
Slice Packing                      : YES
Optimize Instantiated Primitives   : NO
Use Clock Enable                   : Yes
Use Synchronous Set                : Yes
Use Synchronous Reset              : Yes
Pack IO Registers into IOBs        : Auto
Equivalent register Removal        : YES

---- General Options
Optimization Goal                  : Speed
Optimization Effort                : 1
Keep Hierarchy                     : No
Netlist Hierarchy                  : As_Optimized
RTL Output                         : Yes
Global Optimization                : AllClockNets
Read Cores                         : YES
Write Timing Constraints           : NO
Cross Clock Analysis               : NO
Hierarchy Separator                : /
Bus Delimiter                      : <>
Case Specifier                     : Maintain
Slice Utilization Ratio            : 100
BRAM Utilization Ratio             : 100
Verilog 2001                       : YES
Auto BRAM Packing                  : NO
Slice Utilization Ratio Delta      : 5

---- Other Options
Cores Search Directories           : {"ipcore_dir"  }

=========================================================================


=========================================================================
*                          HDL Compilation                              *
=========================================================================
Compiling verilog file "Register_bank.v" in library work
Module <Register_bank> compiled
No errors in compilation
Analysis of file <"Register_bank.prj"> succeeded.
 

=========================================================================
*                     Design Hierarchy Analysis                         *
=========================================================================
Analyzing hierarchy for module <Register_bank> in library <work>.


=========================================================================
*                            HDL Analysis                               *
=========================================================================
Analyzing top module <Register_bank>.
Module <Register_bank> is correct for synthesis.
 

=========================================================================
*                           HDL Synthesis                               *
=========================================================================

Performing bidirectional port resolution...

Synthesizing Unit <Register_bank>.
    Related source file is "Register_bank.v".
WARNING:Xst:647 - Input <ins<19:10>> is never used. This port will be preserved and left unconnected if it belongs to a top-level block or it belongs to a sub-block and the hierarchy of this sub-block is preserved.
    Found 32x8-bit dual-port RAM <Mram_membyte> for signal <membyte>.
    Found 32x8-bit dual-port RAM <Mram_membyte_ren> for signal <membyte>.
    Found 8-bit 4-to-1 multiplexer for signal <A>.
    Found 8-bit register for signal <reg_A>.
    Found 8-bit register for signal <reg_B>.
    Found 8-bit 4-to-1 multiplexer for signal <temp_B>.
    Summary:
	inferred   2 RAM(s).
	inferred  16 D-type flip-flop(s).
	inferred  16 Multiplexer(s).
Unit <Register_bank> synthesized.


=========================================================================
HDL Synthesis Report

Macro Statistics
# RAMs                                                 : 2
 32x8-bit dual-port RAM                                : 2
# Registers                                            : 2
 8-bit register                                        : 2
# Multiplexers                                         : 2
 8-bit 4-to-1 multiplexer                              : 2

=========================================================================

=========================================================================
*                       Advanced HDL Synthesis                          *
=========================================================================


Synthesizing (advanced) Unit <Register_bank>.
INFO:Xst:3231 - The small RAM <Mram_membyte_ren> will be implemented on LUTs in order to maximize performance and save block RAM resources. If you want to force its implementation on block, use option/constraint ram_style.
    -----------------------------------------------------------------------
    | ram_type           | Distributed                         |          |
    -----------------------------------------------------------------------
    | Port A                                                              |
    |     aspect ratio   | 32-word x 8-bit                     |          |
    |     clkA           | connected to signal <clk>           | rise     |
    |     weA            | connected to signal <reset>         | high     |
    |     addrA          | connected to signal <RW_dm>         |          |
    |     diA            | connected to signal <mux_ans_dm>    |          |
    -----------------------------------------------------------------------
    | Port B                                                              |
    |     aspect ratio   | 32-word x 8-bit                     |          |
    |     addrB          | connected to signal <ins>           |          |
    |     doB            | connected to internal node          |          |
    -----------------------------------------------------------------------
INFO:Xst:3231 - The small RAM <Mram_membyte> will be implemented on LUTs in order to maximize performance and save block RAM resources. If you want to force its implementation on block, use option/constraint ram_style.
    -----------------------------------------------------------------------
    | ram_type           | Distributed                         |          |
    -----------------------------------------------------------------------
    | Port A                                                              |
    |     aspect ratio   | 32-word x 8-bit                     |          |
    |     clkA           | connected to signal <clk>           | rise     |
    |     weA            | connected to signal <reset>         | high     |
    |     addrA          | connected to signal <RW_dm>         |          |
    |     diA            | connected to signal <mux_ans_dm>    |          |
    -----------------------------------------------------------------------
    | Port B                                                              |
    |     aspect ratio   | 32-word x 8-bit                     |          |
    |     addrB          | connected to signal <ins>           |          |
    |     doB            | connected to internal node          |          |
    -----------------------------------------------------------------------
Unit <Register_bank> synthesized (advanced).

=========================================================================
Advanced HDL Synthesis Report

Macro Statistics
# RAMs                                                 : 2
 32x8-bit dual-port distributed RAM                    : 2
# Registers                                            : 16
 Flip-Flops                                            : 16
# Multiplexers                                         : 2
 8-bit 4-to-1 multiplexer                              : 2

=========================================================================

=========================================================================
*                         Low Level Synthesis                           *
=========================================================================

Optimizing unit <Register_bank> ...

Mapping all equations...
Building and optimizing final netlist ...
Found area constraint ratio of 100 (+ 5) on block Register_bank, actual ratio is 1.

Final Macro Processing ...

=========================================================================
Final Register Report

Macro Statistics
# Registers                                            : 16
 Flip-Flops                                            : 16

=========================================================================

=========================================================================
*                           Partition Report                            *
=========================================================================

Partition Implementation Status
-------------------------------

  No Partitions were found in this design.

-------------------------------

=========================================================================
*                            Final Report                               *
=========================================================================
Final Results
RTL Top Level Output File Name     : Register_bank.ngr
Top Level Output File Name         : Register_bank
Output Format                      : NGC
Optimization Goal                  : Speed
Keep Hierarchy                     : No

Design Statistics
# IOs                              : 80

Cell Usage :
# BELS                             : 75
#      INV                         : 1
#      LUT2                        : 2
#      LUT3                        : 56
#      MUXF5                       : 16
# FlipFlops/Latches                : 16
#      FDR                         : 16
# RAMS                             : 32
#      RAM16X1D                    : 32
# Clock Buffers                    : 1
#      BUFGP                       : 1
# IO Buffers                       : 69
#      IBUF                        : 53
#      OBUF                        : 16
=========================================================================

Device utilization summary:
---------------------------

Selected Device : 3s500efg320-5 

 Number of Slices:                       47  out of   4656     1%  
 Number of Slice Flip Flops:             16  out of   9312     0%  
 Number of 4 input LUTs:                123  out of   9312     1%  
    Number used as logic:                59
    Number used as RAMs:                 64
 Number of IOs:                          80
 Number of bonded IOBs:                  70  out of    232    30%  
 Number of GCLKs:                         1  out of     24     4%  

---------------------------
Partition Resource Summary:
---------------------------

  No Partitions were found in this design.

---------------------------


=========================================================================
TIMING REPORT

NOTE: THESE TIMING NUMBERS ARE ONLY A SYNTHESIS ESTIMATE.
      FOR ACCURATE TIMING INFORMATION PLEASE REFER TO THE TRACE REPORT
      GENERATED AFTER PLACE-and-ROUTE.

Clock Information:
------------------
-----------------------------------+------------------------+-------+
Clock Signal                       | Clock buffer(FF name)  | Load  |
-----------------------------------+------------------------+-------+
clk                                | BUFGP                  | 48    |
-----------------------------------+------------------------+-------+

Asynchronous Control Signals Information:
----------------------------------------
No asynchronous control signals found in this design

Timing Summary:
---------------
Speed Grade: -5

   Minimum period: 2.960ns (Maximum Frequency: 337.838MHz)
   Minimum input arrival time before clock: 3.903ns
   Maximum output required time after clock: 6.394ns
   Maximum combinational path delay: 7.591ns

Timing Detail:
--------------
All values displayed in nanoseconds (ns)

=========================================================================
Timing constraint: Default period analysis for Clock 'clk'
  Clock period: 2.960ns (frequency: 337.838MHz)
  Total number of paths / destination ports: 32 / 16
-------------------------------------------------------------------------
Delay:               2.960ns (Levels of Logic = 1)
  Source:            Mram_membyte1 (RAM)
  Destination:       reg_A_0 (FF)
  Source Clock:      clk rising
  Destination Clock: clk rising

  Data Path: Mram_membyte1 to reg_A_0
                                Gate     Net
    Cell:in->out      fanout   Delay   Delay  Logical Name (Net Name)
    ----------------------------------------  ------------
     RAM16X1D:WCLK->DPO    1   1.654   0.426  Mram_membyte1 (N5)
     LUT3:I1->O            1   0.612   0.000  inst_LPM_MUX161 (_varindex0000<0>)
     FDR:D                     0.268          reg_A_0
    ----------------------------------------
    Total                      2.960ns (2.534ns logic, 0.426ns route)
                                       (85.6% logic, 14.4% route)

=========================================================================
Timing constraint: Default OFFSET IN BEFORE for Clock 'clk'
  Total number of paths / destination ports: 512 / 352
-------------------------------------------------------------------------
Offset:              3.903ns (Levels of Logic = 3)
  Source:            ins<7> (PAD)
  Destination:       reg_A_0 (FF)
  Destination Clock: clk rising

  Data Path: ins<7> to reg_A_0
                                Gate     Net
    Cell:in->out      fanout   Delay   Delay  Logical Name (Net Name)
    ----------------------------------------  ------------
     IBUF:I->O            16   1.106   0.879  ins_7_IBUF (ins_7_IBUF)
     RAM16X1D:DPRA2->DPO    1   0.612   0.426  Mram_membyte1 (N5)
     LUT3:I1->O            1   0.612   0.000  inst_LPM_MUX161 (_varindex0000<0>)
     FDR:D                     0.268          reg_A_0
    ----------------------------------------
    Total                      3.903ns (2.598ns logic, 1.305ns route)
                                       (66.6% logic, 33.4% route)

=========================================================================
Timing constraint: Default OFFSET OUT AFTER for Clock 'clk'
  Total number of paths / destination ports: 16 / 16
-------------------------------------------------------------------------
Offset:              6.394ns (Levels of Logic = 4)
  Source:            reg_B_7 (FF)
  Destination:       B<7> (PAD)
  Source Clock:      clk rising

  Data Path: reg_B_7 to B<7>
                                Gate     Net
    Cell:in->out      fanout   Delay   Delay  Logical Name (Net Name)
    ----------------------------------------  ------------
     FDR:C->Q              1   0.514   0.426  reg_B_7 (reg_B_7)
     LUT3:I1->O            1   0.612   0.000  Mmux_temp_B_47 (Mmux_temp_B_47)
     MUXF5:I0->O           1   0.278   0.426  Mmux_temp_B_2_f5_6 (temp_B<7>)
     LUT3:I1->O            1   0.612   0.357  B<7>1 (B_7_OBUF)
     OBUF:I->O                 3.169          B_7_OBUF (B<7>)
    ----------------------------------------
    Total                      6.394ns (5.185ns logic, 1.209ns route)
                                       (81.1% logic, 18.9% route)

=========================================================================
Timing constraint: Default path analysis
  Total number of paths / destination ports: 112 / 16
-------------------------------------------------------------------------
Delay:               7.591ns (Levels of Logic = 5)
  Source:            mux_sel_b<0> (PAD)
  Destination:       B<7> (PAD)

  Data Path: mux_sel_b<0> to B<7>
                                Gate     Net
    Cell:in->out      fanout   Delay   Delay  Logical Name (Net Name)
    ----------------------------------------  ------------
     IBUF:I->O            16   1.106   1.031  mux_sel_b_0_IBUF (mux_sel_b_0_IBUF)
     LUT3:I0->O            1   0.612   0.000  Mmux_temp_B_3 (Mmux_temp_B_3)
     MUXF5:I1->O           1   0.278   0.426  Mmux_temp_B_2_f5 (temp_B<0>)
     LUT3:I1->O            1   0.612   0.357  B<0>1 (B_0_OBUF)
     OBUF:I->O                 3.169          B_0_OBUF (B<0>)
    ----------------------------------------
    Total                      7.591ns (5.777ns logic, 1.814ns route)
                                       (76.1% logic, 23.9% route)

=========================================================================


Total REAL time to Xst completion: 8.00 secs
Total CPU time to Xst completion: 7.75 secs
 
--> 

Total memory usage is 305784 kilobytes

Number of errors   :    0 (   0 filtered)
Number of warnings :    1 (   0 filtered)
Number of infos    :    2 (   0 filtered)

