Release 14.7 - xst P.20131013 (nt64)
Copyright (c) 1995-2013 Xilinx, Inc.  All rights reserved.
--> Parameter TMPDIR set to xst/projnav.tmp


Total REAL time to Xst completion: 0.00 secs
Total CPU time to Xst completion: 0.17 secs
 
--> Parameter xsthdpdir set to xst


Total REAL time to Xst completion: 0.00 secs
Total CPU time to Xst completion: 0.17 secs
 
--> Reading design: StallControl_Block.prj

TABLE OF CONTENTS
  1) Synthesis Options Summary
  2) HDL Compilation
  3) Design Hierarchy Analysis
  4) HDL Analysis
  5) HDL Synthesis
     5.1) HDL Synthesis Report
  6) Advanced HDL Synthesis
     6.1) Advanced HDL Synthesis Report
  7) Low Level Synthesis
  8) Partition Report
  9) Final Report
	9.1) Device utilization summary
	9.2) Partition Resource Summary
	9.3) TIMING REPORT


=========================================================================
*                      Synthesis Options Summary                        *
=========================================================================
---- Source Parameters
Input File Name                    : "StallControl_Block.prj"
Input Format                       : mixed
Ignore Synthesis Constraint File   : NO

---- Target Parameters
Output File Name                   : "StallControl_Block"
Output Format                      : NGC
Target Device                      : xc3s500e-5-fg320

---- Source Options
Top Module Name                    : StallControl_Block
Automatic FSM Extraction           : YES
FSM Encoding Algorithm             : Auto
Safe Implementation                : No
FSM Style                          : LUT
RAM Extraction                     : Yes
RAM Style                          : Auto
ROM Extraction                     : Yes
Mux Style                          : Auto
Decoder Extraction                 : YES
Priority Encoder Extraction        : Yes
Shift Register Extraction          : YES
Logical Shifter Extraction         : YES
XOR Collapsing                     : YES
ROM Style                          : Auto
Mux Extraction                     : Yes
Resource Sharing                   : YES
Asynchronous To Synchronous        : NO
Multiplier Style                   : Auto
Automatic Register Balancing       : No

---- Target Options
Add IO Buffers                     : YES
Global Maximum Fanout              : 100000
Add Generic Clock Buffer(BUFG)     : 24
Register Duplication               : YES
Slice Packing                      : YES
Optimize Instantiated Primitives   : NO
Use Clock Enable                   : Yes
Use Synchronous Set                : Yes
Use Synchronous Reset              : Yes
Pack IO Registers into IOBs        : Auto
Equivalent register Removal        : YES

---- General Options
Optimization Goal                  : Speed
Optimization Effort                : 1
Keep Hierarchy                     : No
Netlist Hierarchy                  : As_Optimized
RTL Output                         : Yes
Global Optimization                : AllClockNets
Read Cores                         : YES
Write Timing Constraints           : NO
Cross Clock Analysis               : NO
Hierarchy Separator                : /
Bus Delimiter                      : <>
Case Specifier                     : Maintain
Slice Utilization Ratio            : 100
BRAM Utilization Ratio             : 100
Verilog 2001                       : YES
Auto BRAM Packing                  : NO
Slice Utilization Ratio Delta      : 5

---- Other Options
Cores Search Directories           : {"ipcore_dir"  }

=========================================================================


=========================================================================
*                          HDL Compilation                              *
=========================================================================
Compiling verilog file "StallControl_Block.v" in library work
Module <StallControl_Block> compiled
No errors in compilation
Analysis of file <"StallControl_Block.prj"> succeeded.
 

=========================================================================
*                     Design Hierarchy Analysis                         *
=========================================================================
Analyzing hierarchy for module <StallControl_Block> in library <work>.


=========================================================================
*                            HDL Analysis                               *
=========================================================================
Analyzing top module <StallControl_Block>.
Module <StallControl_Block> is correct for synthesis.
 

=========================================================================
*                           HDL Synthesis                               *
=========================================================================

Performing bidirectional port resolution...

Synthesizing Unit <StallControl_Block>.
    Related source file is "StallControl_Block.v".
WARNING:Xst:647 - Input <ins_pm<14:0>> is never used. This port will be preserved and left unconnected if it belongs to a top-level block or it belongs to a sub-block and the hierarchy of this sub-block is preserved.
    Found 1-bit register for signal <stall_pm>.
    Found 1-bit register for signal <Q_temp1>.
    Found 1-bit register for signal <Q_temp2>.
    Found 1-bit register for signal <Q_temp3>.
    Summary:
	inferred   4 D-type flip-flop(s).
Unit <StallControl_Block> synthesized.


=========================================================================
HDL Synthesis Report

Macro Statistics
# Registers                                            : 4
 1-bit register                                        : 4

=========================================================================

=========================================================================
*                       Advanced HDL Synthesis                          *
=========================================================================


=========================================================================
Advanced HDL Synthesis Report

Macro Statistics
# Registers                                            : 4
 Flip-Flops                                            : 4

=========================================================================

=========================================================================
*                         Low Level Synthesis                           *
=========================================================================

Optimizing unit <StallControl_Block> ...

Mapping all equations...
Building and optimizing final netlist ...
Found area constraint ratio of 100 (+ 5) on block StallControl_Block, actual ratio is 0.

Final Macro Processing ...

=========================================================================
Final Register Report

Macro Statistics
# Registers                                            : 4
 Flip-Flops                                            : 4

=========================================================================

=========================================================================
*                           Partition Report                            *
=========================================================================

Partition Implementation Status
-------------------------------

  No Partitions were found in this design.

-------------------------------

=========================================================================
*                            Final Report                               *
=========================================================================
Final Results
RTL Top Level Output File Name     : StallControl_Block.ngr
Top Level Output File Name         : StallControl_Block
Output Format                      : NGC
Optimization Goal                  : Speed
Keep Hierarchy                     : No

Design Statistics
# IOs                              : 24

Cell Usage :
# BELS                             : 8
#      INV                         : 1
#      LUT3                        : 1
#      LUT4                        : 5
#      MUXF5                       : 1
# FlipFlops/Latches                : 4
#      FDR                         : 4
# Clock Buffers                    : 1
#      BUFGP                       : 1
# IO Buffers                       : 8
#      IBUF                        : 6
#      OBUF                        : 2
=========================================================================

Device utilization summary:
---------------------------

Selected Device : 3s500efg320-5 

 Number of Slices:                        4  out of   4656     0%  
 Number of Slice Flip Flops:              4  out of   9312     0%  
 Number of 4 input LUTs:                  7  out of   9312     0%  
 Number of IOs:                          24
 Number of bonded IOBs:                   9  out of    232     3%  
 Number of GCLKs:                         1  out of     24     4%  

---------------------------
Partition Resource Summary:
---------------------------

  No Partitions were found in this design.

---------------------------


=========================================================================
TIMING REPORT

NOTE: THESE TIMING NUMBERS ARE ONLY A SYNTHESIS ESTIMATE.
      FOR ACCURATE TIMING INFORMATION PLEASE REFER TO THE TRACE REPORT
      GENERATED AFTER PLACE-and-ROUTE.

Clock Information:
------------------
-----------------------------------+------------------------+-------+
Clock Signal                       | Clock buffer(FF name)  | Load  |
-----------------------------------+------------------------+-------+
clk                                | BUFGP                  | 4     |
-----------------------------------+------------------------+-------+

Asynchronous Control Signals Information:
----------------------------------------
No asynchronous control signals found in this design

Timing Summary:
---------------
Speed Grade: -5

   Minimum period: 2.055ns (Maximum Frequency: 486.630MHz)
   Minimum input arrival time before clock: 4.059ns
   Maximum output required time after clock: 5.336ns
   Maximum combinational path delay: 7.340ns

Timing Detail:
--------------
All values displayed in nanoseconds (ns)

=========================================================================
Timing constraint: Default period analysis for Clock 'clk'
  Clock period: 2.055ns (frequency: 486.630MHz)
  Total number of paths / destination ports: 5 / 4
-------------------------------------------------------------------------
Delay:               2.055ns (Levels of Logic = 2)
  Source:            Q_temp3 (FF)
  Destination:       stall_pm (FF)
  Source Clock:      clk rising
  Destination Clock: clk rising

  Data Path: Q_temp3 to stall_pm
                                Gate     Net
    Cell:in->out      fanout   Delay   Delay  Logical Name (Net Name)
    ----------------------------------------  ------------
     FDR:C->Q              2   0.514   0.383  Q_temp3 (Q_temp3)
     LUT4:I3->O            1   0.612   0.000  stall_F (N5)
     MUXF5:I0->O           2   0.278   0.000  stall (stall_OBUF)
     FDR:D                     0.268          stall_pm
    ----------------------------------------
    Total                      2.055ns (1.672ns logic, 0.383ns route)
                                       (81.4% logic, 18.6% route)

=========================================================================
Timing constraint: Default OFFSET IN BEFORE for Clock 'clk'
  Total number of paths / destination ports: 27 / 7
-------------------------------------------------------------------------
Offset:              4.059ns (Levels of Logic = 4)
  Source:            ins_pm<18> (PAD)
  Destination:       stall_pm (FF)
  Destination Clock: clk rising

  Data Path: ins_pm<18> to stall_pm
                                Gate     Net
    Cell:in->out      fanout   Delay   Delay  Logical Name (Net Name)
    ----------------------------------------  ------------
     IBUF:I->O             4   1.106   0.651  ins_pm_18_IBUF (ins_pm_18_IBUF)
     LUT4:I0->O            2   0.612   0.532  stall_SW0 (N3)
     LUT4:I0->O            1   0.612   0.000  stall_G (N6)
     MUXF5:I1->O           2   0.278   0.000  stall (stall_OBUF)
     FDR:D                     0.268          stall_pm
    ----------------------------------------
    Total                      4.059ns (2.876ns logic, 1.183ns route)
                                       (70.9% logic, 29.1% route)

=========================================================================
Timing constraint: Default OFFSET OUT AFTER for Clock 'clk'
  Total number of paths / destination ports: 3 / 2
-------------------------------------------------------------------------
Offset:              5.336ns (Levels of Logic = 3)
  Source:            Q_temp3 (FF)
  Destination:       stall (PAD)
  Source Clock:      clk rising

  Data Path: Q_temp3 to stall
                                Gate     Net
    Cell:in->out      fanout   Delay   Delay  Logical Name (Net Name)
    ----------------------------------------  ------------
     FDR:C->Q              2   0.514   0.383  Q_temp3 (Q_temp3)
     LUT4:I3->O            1   0.612   0.000  stall_F (N5)
     MUXF5:I0->O           2   0.278   0.380  stall (stall_OBUF)
     OBUF:I->O                 3.169          stall_OBUF (stall)
    ----------------------------------------
    Total                      5.336ns (4.573ns logic, 0.763ns route)
                                       (85.7% logic, 14.3% route)

=========================================================================
Timing constraint: Default path analysis
  Total number of paths / destination ports: 15 / 1
-------------------------------------------------------------------------
Delay:               7.340ns (Levels of Logic = 5)
  Source:            ins_pm<18> (PAD)
  Destination:       stall (PAD)

  Data Path: ins_pm<18> to stall
                                Gate     Net
    Cell:in->out      fanout   Delay   Delay  Logical Name (Net Name)
    ----------------------------------------  ------------
     IBUF:I->O             4   1.106   0.651  ins_pm_18_IBUF (ins_pm_18_IBUF)
     LUT4:I0->O            2   0.612   0.532  stall_SW0 (N3)
     LUT4:I0->O            1   0.612   0.000  stall_G (N6)
     MUXF5:I1->O           2   0.278   0.380  stall (stall_OBUF)
     OBUF:I->O                 3.169          stall_OBUF (stall)
    ----------------------------------------
    Total                      7.340ns (5.777ns logic, 1.563ns route)
                                       (78.7% logic, 21.3% route)

=========================================================================


Total REAL time to Xst completion: 6.00 secs
Total CPU time to Xst completion: 6.05 secs
 
--> 

Total memory usage is 289592 kilobytes

Number of errors   :    0 (   0 filtered)
Number of warnings :    1 (   0 filtered)
Number of infos    :    0 (   0 filtered)

